<?xml version="1.0" encoding="UTF-8"?>
<!-- Generated by org.testng.reporters.JUnitXMLReporter -->
<testsuite ignored="0" hostname="DESKTOP-TOSMLO0" failures="0" tests="4" name="Test" time="15.267" errors="0" timestamp="2024-11-13T13:56:37 IST">
  <testcase classname="org.testScripts.Sketchers_Test" name="launchSketchers" time="5.305"/>
  <testcase classname="org.testScripts.Adidas_Test" name="launchAdidas" time="2.564"/>
  <testcase classname="org.testScripts.One8_Test" name="launchOne8" time="3.856"/>
  <testcase classname="org.testScripts.Puma_Test" name="launchPuma" time="3.506"/>
</testsuite> <!-- Test -->
