<?xml version="1.0" encoding="UTF-8"?>
<!-- Generated by org.testng.reporters.JUnitXMLReporter -->
<testsuite ignored="0" hostname="DESKTOP-TOSMLO0" failures="0" tests="6" name="Test" time="13.214" errors="0" timestamp="2024-11-13T13:28:32 IST">
  <testcase classname="org.testScripts.Vicky_Test" name="launchVicky" time="2.182"/>
  <testcase classname="org.testScripts.Mahesh_Test" name="launchMahesh" time="2.418"/>
  <testcase classname="org.testScripts.Yash_Test" name="launchYash" time="2.211"/>
  <testcase classname="org.testScripts.AlluArjun_Test" name="launchAlluArjun" time="2.128"/>
  <testcase classname="org.testScripts.SRK_Test" name="launchSrk" time="2.218"/>
  <testcase classname="org.testScripts.Puneeth_Test" name="launchPuneeth" time="2.043"/>
</testsuite> <!-- Test -->
