<?xml version="1.0" encoding="UTF-8"?>
<testng-results ignored="0" total="1" passed="1" failed="0" skipped="0">
  <reporter-output>
    <line>
      <![CDATA[<test> --Default test started]]>
    </line>
    <line>
      <![CDATA[[ Testcase -- verify_user_is_able_to_add_product_to_cart started ]]]>
    </line>
    <line>
      <![CDATA[[ Testcase -- verify_user_is_able_to_add_product_to_cart sucess ]]]>
    </line>
  </reporter-output>
  <suite started-at="2024-11-22T13:41:19 IST" name="Default suite" finished-at="2024-11-22T13:41:29 IST" duration-ms="9646">
    <groups>
    </groups>
    <test started-at="2024-11-22T13:41:19 IST" name="Default test" finished-at="2024-11-22T13:41:29 IST" duration-ms="9646">
      <class name="org.automation.testscripts.DWSCartSTC_001_Test">
        <test-method is-config="true" signature="launchAndMaximizeBrowser(java.lang.String)[pri:0, instance:org.automation.testscripts.DWSCartSTC_001_Test@76505305]" started-at="2024-11-22T13:41:19 IST" name="launchAndMaximizeBrowser" finished-at="2024-11-22T13:41:21 IST" duration-ms="1818" status="PASS">
          <params>
            <param index="0">
              <value>
                <![CDATA[chrome]]>
              </value>
            </param>
          </params>
          <reporter-output>
          </reporter-output>
        </test-method> <!-- launchAndMaximizeBrowser -->
        <test-method is-config="true" signature="logInToApplication()[pri:0, instance:org.automation.testscripts.DWSCartSTC_001_Test@76505305]" started-at="2024-11-22T13:41:21 IST" name="logInToApplication" finished-at="2024-11-22T13:41:25 IST" duration-ms="3652" status="PASS">
          <reporter-output>
          </reporter-output>
        </test-method> <!-- logInToApplication -->
        <test-method signature="verify_user_is_able_to_add_product_to_cart()[pri:0, instance:org.automation.testscripts.DWSCartSTC_001_Test@76505305]" started-at="2024-11-22T13:41:25 IST" name="verify_user_is_able_to_add_product_to_cart" finished-at="2024-11-22T13:41:28 IST" duration-ms="2845" status="PASS">
          <reporter-output>
            <line>
              <![CDATA[[ Testcase -- verify_user_is_able_to_add_product_to_cart started ]]]>
            </line>
            <line>
              <![CDATA[[ Testcase -- verify_user_is_able_to_add_product_to_cart sucess ]]]>
            </line>
          </reporter-output>
        </test-method> <!-- verify_user_is_able_to_add_product_to_cart -->
        <test-method is-config="true" signature="logOutFromApplication()[pri:0, instance:org.automation.testscripts.DWSCartSTC_001_Test@76505305]" started-at="2024-11-22T13:41:28 IST" name="logOutFromApplication" finished-at="2024-11-22T13:41:29 IST" duration-ms="1095" status="PASS">
          <reporter-output>
          </reporter-output>
        </test-method> <!-- logOutFromApplication -->
        <test-method is-config="true" signature="tearDownBrowser()[pri:0, instance:org.automation.testscripts.DWSCartSTC_001_Test@76505305]" started-at="2024-11-22T13:41:29 IST" name="tearDownBrowser" finished-at="2024-11-22T13:41:29 IST" duration-ms="196" status="PASS">
          <reporter-output>
          </reporter-output>
        </test-method> <!-- tearDownBrowser -->
      </class> <!-- org.automation.testscripts.DWSCartSTC_001_Test -->
    </test> <!-- Default test -->
  </suite> <!-- Default suite -->
</testng-results>
