<?xml version="1.0" encoding="UTF-8"?>
<!-- Generated by org.testng.reporters.JUnitXMLReporter -->
<testsuite ignored="0" hostname="DESKTOP-TOSMLO0" failures="0" tests="6" name="Test" time="14.216" errors="0" timestamp="2024-11-13T13:16:47 IST">
  <testcase classname="org.testScripts.Yash" name="launchYash" time="2.844"/>
  <testcase classname="org.testScripts.Puneeth" name="launchPuneeth" time="2.202"/>
  <testcase classname="org.testScripts.AlluArjun" name="launchAlluArjun" time="2.205"/>
  <testcase classname="org.testScripts.Mahesh" name="launchMahesh" time="2.425"/>
  <testcase classname="org.testScripts.SRK" name="launchSrk" time="2.437"/>
  <testcase classname="org.testScripts.Vicky" name="launchVicky" time="2.042"/>
</testsuite> <!-- Test -->
