<?xml version="1.0" encoding="UTF-8"?>
<testng-results ignored="0" total="1" passed="1" failed="0" skipped="0">
  <reporter-output>
  </reporter-output>
  <suite started-at="2024-11-14T12:23:24 IST" name="Surefire suite" finished-at="2024-11-14T12:23:28 IST" duration-ms="3737">
    <groups>
    </groups>
    <test started-at="2024-11-14T12:23:24 IST" name="Surefire test" finished-at="2024-11-14T12:23:28 IST" duration-ms="3737">
      <class name="org.testScripts.MavenParameter_Test">
        <test-method signature="test()[pri:0, instance:org.testScripts.MavenParameter_Test@60611244]" started-at="2024-11-14T12:23:24 IST" name="test" finished-at="2024-11-14T12:23:28 IST" duration-ms="3705" status="PASS">
          <reporter-output>
          </reporter-output>
        </test-method> <!-- test -->
      </class> <!-- org.testScripts.MavenParameter_Test -->
    </test> <!-- Surefire test -->
  </suite> <!-- Surefire suite -->
</testng-results>
